#
# There is insufficient memory for the Java Runtime Environment to continue.
# Cannot create GC thread. Out of system resources.
# Possible reasons:
#   The system is out of physical RAM or swap space
#   In 32 bit mode, the process size limit was hit
# Possible solutions:
#   Reduce memory load on the system
#   Increase physical memory or swap space
#   Check if swap backing store is full
#   Use 64 bit Java on a 64 bit OS
#   Decrease Java heap size (-Xmx/-Xms)
#   Decrease number of Java threads
#   Decrease Java thread stack sizes (-Xss)
#   Set larger code cache with -XX:ReservedCodeCacheSize=
# This output file may be truncated or incomplete.
#
#  Out of Memory Error (gcTaskThread.cpp:48), pid=446, tid=0x00007f7c2136c700
#
# JRE version:  (8.0_131-b11) (build )
# Java VM: Java HotSpot(TM) 64-Bit Server VM (25.131-b11 mixed mode linux-amd64 compressed oops)
# Core dump written. Default location: /local/repositories/http-remoting/core or core.446
#

---------------  T H R E A D  ---------------

Current thread (0x00007f7c18009800):  JavaThread "Unknown thread" [_thread_in_vm, id=458, stack(0x00007f7c2126c000,0x00007f7c2136d000)]

Stack: [0x00007f7c2126c000,0x00007f7c2136d000],  sp=0x00007f7c2136b5f0,  free space=1021k
Native frames: (J=compiled Java code, j=interpreted, Vv=VM code, C=native code)
V  [libjvm.so+0xac826a]  VMError::report_and_die()+0x2ba
V  [libjvm.so+0x4fd4cb]  report_vm_out_of_memory(char const*, int, unsigned long, VMErrorType, char const*)+0x8b
V  [libjvm.so+0x5d894f]  GCTaskThread::GCTaskThread(GCTaskManager*, unsigned int, unsigned int)+0x15f
V  [libjvm.so+0x5d770b]  GCTaskManager::initialize()+0x3ab
V  [libjvm.so+0x94873d]  ParallelScavengeHeap::initialize()+0x34d
V  [libjvm.so+0xa902e3]  Universe::initialize_heap()+0xf3
V  [libjvm.so+0xa9084e]  universe_init()+0x3e
V  [libjvm.so+0x63e3e5]  init_globals()+0x65
V  [libjvm.so+0xa73f3e]  Threads::create_vm(JavaVMInitArgs*, bool*)+0x23e
V  [libjvm.so+0x6d2ce4]  JNI_CreateJavaVM+0x74
C  [libjli.so+0x745e]  JavaMain+0x9e
C  [libpthread.so.0+0x86b4]


---------------  P R O C E S S  ---------------

Java Threads: ( => current thread )

Other Threads:

=>0x00007f7c18009800 (exited) JavaThread "Unknown thread" [_thread_in_vm, id=458, stack(0x00007f7c2126c000,0x00007f7c2136d000)]

VM state:not at safepoint (not fully initialized)

VM Mutex/Monitor currently owned by a thread: None

GC Heap History (0 events):
No events

Deoptimization events (0 events):
No events

Internal exceptions (0 events):
No events

Events (0 events):
No events


Dynamic libraries:
00400000-00401000 r-xp 00000000 103:00 69339786                          /opt/jdk1.8.0_131/bin/java
00600000-00601000 rw-p 00000000 103:00 69339786                          /opt/jdk1.8.0_131/bin/java
00e79000-00e9a000 rw-p 00000000 00:00 0                                  [heap]
374c00000-3a2980000 rw-p 00000000 00:00 0 
3a2980000-651980000 ---p 00000000 00:00 0 
651980000-668800000 rw-p 00000000 00:00 0 
668800000-7c0000000 ---p 00000000 00:00 0 
7f7c06103000-7f7c0629a000 rw-p 00000000 00:00 0 
7f7c0629a000-7f7c0629b000 ---p 00000000 00:00 0 
7f7c0629b000-7f7c0639b000 rw-p 00000000 00:00 0 
7f7c0639b000-7f7c0639c000 ---p 00000000 00:00 0 
7f7c0639c000-7f7c0649c000 rw-p 00000000 00:00 0 
7f7c0649c000-7f7c0649d000 ---p 00000000 00:00 0 
7f7c0649d000-7f7c0659d000 rw-p 00000000 00:00 0 
7f7c0659d000-7f7c0659e000 ---p 00000000 00:00 0 
7f7c0659e000-7f7c0669e000 rw-p 00000000 00:00 0 
7f7c0669e000-7f7c0669f000 ---p 00000000 00:00 0 
7f7c0669f000-7f7c0679f000 rw-p 00000000 00:00 0 
7f7c0679f000-7f7c067a0000 ---p 00000000 00:00 0 
7f7c067a0000-7f7c068a0000 rw-p 00000000 00:00 0 
7f7c068a0000-7f7c068a1000 ---p 00000000 00:00 0 
7f7c068a1000-7f7c069a1000 rw-p 00000000 00:00 0 
7f7c069a1000-7f7c069a2000 ---p 00000000 00:00 0 
7f7c069a2000-7f7c06aa2000 rw-p 00000000 00:00 0 
7f7c06aa2000-7f7c06aa3000 ---p 00000000 00:00 0 
7f7c06aa3000-7f7c06ba3000 rw-p 00000000 00:00 0 
7f7c06ba3000-7f7c06ba4000 ---p 00000000 00:00 0 
7f7c06ba4000-7f7c06ca4000 rw-p 00000000 00:00 0 
7f7c06ca4000-7f7c06ca5000 ---p 00000000 00:00 0 
7f7c06ca5000-7f7c06f14000 rw-p 00000000 00:00 0 
7f7c06f14000-7f7c0848b000 ---p 00000000 00:00 0 
7f7c0848b000-7f7c08543000 rw-p 00000000 00:00 0 
7f7c08543000-7f7c08fff000 ---p 00000000 00:00 0 
7f7c08fff000-7f7c09000000 rw-p 00000000 00:00 0 
7f7c09000000-7f7c09270000 rwxp 00000000 00:00 0 
7f7c09270000-7f7c18000000 ---p 00000000 00:00 0 
7f7c18000000-7f7c18052000 rw-p 00000000 00:00 0 
7f7c18052000-7f7c1c000000 ---p 00000000 00:00 0 
7f7c1c034000-7f7c1c035000 ---p 00000000 00:00 0 
7f7c1c035000-7f7c1c135000 rw-p 00000000 00:00 0 
7f7c1c135000-7f7c1c136000 ---p 00000000 00:00 0 
7f7c1c136000-7f7c1c236000 rw-p 00000000 00:00 0 
7f7c1c236000-7f7c1c237000 ---p 00000000 00:00 0 
7f7c1c237000-7f7c1c337000 rw-p 00000000 00:00 0 
7f7c1c337000-7f7c1c338000 ---p 00000000 00:00 0 
7f7c1c338000-7f7c1c438000 rw-p 00000000 00:00 0 
7f7c1c438000-7f7c1c439000 ---p 00000000 00:00 0 
7f7c1c439000-7f7c1c539000 rw-p 00000000 00:00 0 
7f7c1c539000-7f7c1c53a000 ---p 00000000 00:00 0 
7f7c1c53a000-7f7c1c63a000 rw-p 00000000 00:00 0 
7f7c1c63a000-7f7c1c63b000 ---p 00000000 00:00 0 
7f7c1c63b000-7f7c1c73b000 rw-p 00000000 00:00 0 
7f7c1c73b000-7f7c1c73c000 ---p 00000000 00:00 0 
7f7c1c73c000-7f7c1c83c000 rw-p 00000000 00:00 0 
7f7c1c83c000-7f7c1c83d000 ---p 00000000 00:00 0 
7f7c1c83d000-7f7c1caac000 rw-p 00000000 00:00 0 
7f7c1caac000-7f7c1e024000 ---p 00000000 00:00 0 
7f7c1e024000-7f7c1e02e000 rw-p 00000000 00:00 0 
7f7c1e02e000-7f7c1e3e4000 ---p 00000000 00:00 0 
7f7c1e3e4000-7f7c1e3fe000 r-xp 00000000 103:00 69339974                  /opt/jdk1.8.0_131/jre/lib/amd64/libzip.so
7f7c1e3fe000-7f7c1e5fe000 ---p 0001a000 103:00 69339974                  /opt/jdk1.8.0_131/jre/lib/amd64/libzip.so
7f7c1e5fe000-7f7c1e5ff000 rw-p 0001a000 103:00 69339974                  /opt/jdk1.8.0_131/jre/lib/amd64/libzip.so
7f7c1e5ff000-7f7c1e609000 r-xp 00000000 103:00 69468572                  /usr/glibc-compat/lib/libnss_files-2.25.so
7f7c1e609000-7f7c1e808000 ---p 0000a000 103:00 69468572                  /usr/glibc-compat/lib/libnss_files-2.25.so
7f7c1e808000-7f7c1e809000 r--p 00009000 103:00 69468572                  /usr/glibc-compat/lib/libnss_files-2.25.so
7f7c1e809000-7f7c1e80a000 rw-p 0000a000 103:00 69468572                  /usr/glibc-compat/lib/libnss_files-2.25.so
7f7c1e80a000-7f7c1e810000 rw-p 00000000 00:00 0 
7f7c1e810000-7f7c1e81a000 r-xp 00000000 103:00 69468578                  /usr/glibc-compat/lib/libnss_nis-2.25.so
7f7c1e81a000-7f7c1ea19000 ---p 0000a000 103:00 69468578                  /usr/glibc-compat/lib/libnss_nis-2.25.so
7f7c1ea19000-7f7c1ea1a000 r--p 00009000 103:00 69468578                  /usr/glibc-compat/lib/libnss_nis-2.25.so
7f7c1ea1a000-7f7c1ea1b000 rw-p 0000a000 103:00 69468578                  /usr/glibc-compat/lib/libnss_nis-2.25.so
7f7c1ea1b000-7f7c1ea30000 r-xp 00000000 103:00 69468560                  /usr/glibc-compat/lib/libnsl-2.25.so
7f7c1ea30000-7f7c1ec2f000 ---p 00015000 103:00 69468560                  /usr/glibc-compat/lib/libnsl-2.25.so
7f7c1ec2f000-7f7c1ec30000 r--p 00014000 103:00 69468560                  /usr/glibc-compat/lib/libnsl-2.25.so
7f7c1ec30000-7f7c1ec31000 rw-p 00015000 103:00 69468560                  /usr/glibc-compat/lib/libnsl-2.25.so
7f7c1ec31000-7f7c1ec33000 rw-p 00000000 00:00 0 
7f7c1ec33000-7f7c1ec3a000 r-xp 00000000 103:00 69468563                  /usr/glibc-compat/lib/libnss_compat-2.25.so
7f7c1ec3a000-7f7c1ee39000 ---p 00007000 103:00 69468563                  /usr/glibc-compat/lib/libnss_compat-2.25.so
7f7c1ee39000-7f7c1ee3a000 r--p 00006000 103:00 69468563                  /usr/glibc-compat/lib/libnss_compat-2.25.so
7f7c1ee3a000-7f7c1ee3b000 rw-p 00007000 103:00 69468563                  /usr/glibc-compat/lib/libnss_compat-2.25.so
7f7c1ee3b000-7f7c1ee66000 r-xp 00000000 103:00 69339938                  /opt/jdk1.8.0_131/jre/lib/amd64/libjava.so
7f7c1ee66000-7f7c1f065000 ---p 0002b000 103:00 69339938                  /opt/jdk1.8.0_131/jre/lib/amd64/libjava.so
7f7c1f065000-7f7c1f067000 rw-p 0002a000 103:00 69339938                  /opt/jdk1.8.0_131/jre/lib/amd64/libjava.so
7f7c1f067000-7f7c1f074000 r-xp 00000000 103:00 69339973                  /opt/jdk1.8.0_131/jre/lib/amd64/libverify.so
7f7c1f074000-7f7c1f273000 ---p 0000d000 103:00 69339973                  /opt/jdk1.8.0_131/jre/lib/amd64/libverify.so
7f7c1f273000-7f7c1f275000 rw-p 0000c000 103:00 69339973                  /opt/jdk1.8.0_131/jre/lib/amd64/libverify.so
7f7c1f275000-7f7c1f27c000 r-xp 00000000 103:00 69468591                  /usr/glibc-compat/lib/librt-2.25.so
7f7c1f27c000-7f7c1f47b000 ---p 00007000 103:00 69468591                  /usr/glibc-compat/lib/librt-2.25.so
7f7c1f47b000-7f7c1f47c000 r--p 00006000 103:00 69468591                  /usr/glibc-compat/lib/librt-2.25.so
7f7c1f47c000-7f7c1f47d000 rw-p 00007000 103:00 69468591                  /usr/glibc-compat/lib/librt-2.25.so
7f7c1f47d000-7f7c1f58c000 r-xp 00000000 103:00 69468553                  /usr/glibc-compat/lib/libm-2.25.so
7f7c1f58c000-7f7c1f78b000 ---p 0010f000 103:00 69468553                  /usr/glibc-compat/lib/libm-2.25.so
7f7c1f78b000-7f7c1f78c000 r--p 0010e000 103:00 69468553                  /usr/glibc-compat/lib/libm-2.25.so
7f7c1f78c000-7f7c1f78d000 rw-p 0010f000 103:00 69468553                  /usr/glibc-compat/lib/libm-2.25.so
7f7c1f78d000-7f7c2045c000 r-xp 00000000 103:00 69339978                  /opt/jdk1.8.0_131/jre/lib/amd64/server/libjvm.so
7f7c2045c000-7f7c2065c000 ---p 00ccf000 103:00 69339978                  /opt/jdk1.8.0_131/jre/lib/amd64/server/libjvm.so
7f7c2065c000-7f7c20735000 rw-p 00ccf000 103:00 69339978                  /opt/jdk1.8.0_131/jre/lib/amd64/server/libjvm.so
7f7c20735000-7f7c20780000 rw-p 00000000 00:00 0 
7f7c20780000-7f7c20910000 r-xp 00000000 103:00 69468541                  /usr/glibc-compat/lib/libc-2.25.so
7f7c20910000-7f7c20b10000 ---p 00190000 103:00 69468541                  /usr/glibc-compat/lib/libc-2.25.so
7f7c20b10000-7f7c20b14000 r--p 00190000 103:00 69468541                  /usr/glibc-compat/lib/libc-2.25.so
7f7c20b14000-7f7c20b16000 rw-p 00194000 103:00 69468541                  /usr/glibc-compat/lib/libc-2.25.so
7f7c20b16000-7f7c20b1a000 rw-p 00000000 00:00 0 
7f7c20b1a000-7f7c20b1c000 r-xp 00000000 103:00 69468550                  /usr/glibc-compat/lib/libdl-2.25.so
7f7c20b1c000-7f7c20d1c000 ---p 00002000 103:00 69468550                  /usr/glibc-compat/lib/libdl-2.25.so
7f7c20d1c000-7f7c20d1d000 r--p 00002000 103:00 69468550                  /usr/glibc-compat/lib/libdl-2.25.so
7f7c20d1d000-7f7c20d1e000 rw-p 00003000 103:00 69468550                  /usr/glibc-compat/lib/libdl-2.25.so
7f7c20d1e000-7f7c20d33000 r-xp 00000000 103:00 69340247                  /opt/jdk1.8.0_131/lib/amd64/jli/libjli.so
7f7c20d33000-7f7c20f33000 ---p 00015000 103:00 69340247                  /opt/jdk1.8.0_131/lib/amd64/jli/libjli.so
7f7c20f33000-7f7c20f34000 rw-p 00015000 103:00 69340247                  /opt/jdk1.8.0_131/lib/amd64/jli/libjli.so
7f7c20f34000-7f7c20f4c000 r-xp 00000000 103:00 69468585                  /usr/glibc-compat/lib/libpthread-2.25.so
7f7c20f4c000-7f7c2114c000 ---p 00018000 103:00 69468585                  /usr/glibc-compat/lib/libpthread-2.25.so
7f7c2114c000-7f7c2114d000 r--p 00018000 103:00 69468585                  /usr/glibc-compat/lib/libpthread-2.25.so
7f7c2114d000-7f7c2114e000 rw-p 00019000 103:00 69468585                  /usr/glibc-compat/lib/libpthread-2.25.so
7f7c2114e000-7f7c21152000 rw-p 00000000 00:00 0 
7f7c21152000-7f7c21174000 r-xp 00000000 103:00 69468532                  /usr/glibc-compat/lib/ld-2.25.so
7f7c21174000-7f7c21264000 rw-p 00000000 00:00 0 
7f7c21264000-7f7c2126c000 rw-s 00000000 103:00 73269848                  /tmp/hsperfdata_root/446
7f7c2126c000-7f7c2126f000 ---p 00000000 00:00 0 
7f7c2126f000-7f7c2136f000 rw-p 00000000 00:00 0 
7f7c21370000-7f7c21371000 rw-p 00000000 00:00 0 
7f7c21371000-7f7c21372000 r--p 00000000 00:00 0 
7f7c21372000-7f7c21374000 rw-p 00000000 00:00 0 
7f7c21374000-7f7c21375000 r--p 00022000 103:00 69468532                  /usr/glibc-compat/lib/ld-2.25.so
7f7c21375000-7f7c21376000 rw-p 00023000 103:00 69468532                  /usr/glibc-compat/lib/ld-2.25.so
7f7c21376000-7f7c21377000 rw-p 00000000 00:00 0 
7ffd594fa000-7ffd5951b000 rw-p 00000000 00:00 0                          [stack]
7ffd59523000-7ffd59525000 r--p 00000000 00:00 0                          [vvar]
7ffd59525000-7ffd59527000 r-xp 00000000 00:00 0                          [vdso]
ffffffffff600000-ffffffffff601000 r-xp 00000000 00:00 0                  [vsyscall]

VM Arguments:
jvm_args: -Dorg.gradle.daemon=false -Dorg.gradle.jvmargs=-Xmx3G -Dorg.gradle.appname=gradlew 
java_command: org.gradle.wrapper.GradleWrapperMain buildEnvironment
java_class_path (initial): /local/repositories/http-remoting/gradle/wrapper/gradle-wrapper.jar
Launcher Type: SUN_STANDARD

Environment Variables:
JAVA_HOME=/opt/jdk
PATH=/usr/local/bin:/usr/local/sbin:/usr/local/bin:/usr/sbin:/usr/bin:/sbin:/bin:/opt/jdk/bin:/opt/yarn/yarn-v1.2.1/bin

Signal Handlers:
SIGSEGV: [libjvm.so+0xac8af0], sa_mask[0]=11111111011111111101111111111110, sa_flags=SA_RESTART|SA_SIGINFO
SIGBUS: [libjvm.so+0xac8af0], sa_mask[0]=11111111011111111101111111111110, sa_flags=SA_RESTART|SA_SIGINFO
SIGFPE: [libjvm.so+0x921dd0], sa_mask[0]=11111111011111111101111111111110, sa_flags=SA_RESTART|SA_SIGINFO
SIGPIPE: [libjvm.so+0x921dd0], sa_mask[0]=11111111011111111101111111111110, sa_flags=SA_RESTART|SA_SIGINFO
SIGXFSZ: [libjvm.so+0x921dd0], sa_mask[0]=11111111011111111101111111111110, sa_flags=SA_RESTART|SA_SIGINFO
SIGILL: [libjvm.so+0x921dd0], sa_mask[0]=11111111011111111101111111111110, sa_flags=SA_RESTART|SA_SIGINFO
SIGUSR1: SIG_DFL, sa_mask[0]=00000000000000000000000000000000, sa_flags=none
SIGUSR2: [libjvm.so+0x923610], sa_mask[0]=00000000000000000000000000000000, sa_flags=SA_RESTART|SA_SIGINFO
SIGHUP: SIG_DFL, sa_mask[0]=00000000000000000000000000000000, sa_flags=none
SIGINT: SIG_DFL, sa_mask[0]=00000000000000000000000000000000, sa_flags=none
SIGTERM: SIG_DFL, sa_mask[0]=00000000000000000000000000000000, sa_flags=none
SIGQUIT: SIG_IGN, sa_mask[0]=00000000000000000000000000000000, sa_flags=none


---------------  S Y S T E M  ---------------

OS:NAME="Alpine Linux"
ID=alpine
VERSION_ID=3.4.6
PRETTY_NAME="Alpine Linux v3.4"
HOME_URL="http://alpinelinux.org"
BUG_REPORT_URL="http://bugs.alpinelinux.org"

uname:Linux 4.4.0-1041-aws #50-Ubuntu SMP Wed Nov 15 22:18:17 UTC 2017 x86_64
libc:glibc 2.25 NPTL 2.25 
rlimit: STACK 8192k, CORE infinity, NPROC infinity, NOFILE 1048576, AS infinity
load average:63.89 62.06 62.21

/proc/meminfo:
MemTotal:       72037460 kB
MemFree:         3423748 kB
MemAvailable:   45095380 kB
Buffers:         6106188 kB
Cached:         27276924 kB
SwapCached:            0 kB
Active:         38415340 kB
Inactive:       16230360 kB
Active(anon):   21691592 kB
Inactive(anon):   266920 kB
Active(file):   16723748 kB
Inactive(file): 15963440 kB
Unevictable:        3660 kB
Mlocked:            3660 kB
SwapTotal:             0 kB
SwapFree:              0 kB
Dirty:            378652 kB
Writeback:             0 kB
AnonPages:      21268076 kB
Mapped:           676820 kB
Shmem:            692012 kB
Slab:           12753944 kB
SReclaimable:    9540048 kB
SUnreclaim:      3213896 kB
KernelStack:      588832 kB
PageTables:       121704 kB
NFS_Unstable:          0 kB
Bounce:                0 kB
WritebackTmp:          0 kB
CommitLimit:    36018728 kB
Committed_AS:   84861528 kB
VmallocTotal:   34359738367 kB
VmallocUsed:           0 kB
VmallocChunk:          0 kB
HardwareCorrupted:     0 kB
AnonHugePages:  12310528 kB
CmaTotal:              0 kB
CmaFree:               0 kB
HugePages_Total:       0
HugePages_Free:        0
HugePages_Rsvd:        0
HugePages_Surp:        0
Hugepagesize:       2048 kB
DirectMap4k:     4196280 kB
DirectMap2M:    69072896 kB
DirectMap1G:           0 kB


CPU:total 36 (initial active 36) (32 cores per cpu, 2 threads per core) family 6 model 85 stepping 3, cmov, cx8, fxsr, mmx, sse, sse2, sse3, ssse3, sse4.1, sse4.2, popcnt, avx, avx2, aes, clmul, erms, rtm, 3dnowpref, lzcnt, ht, tsc, tscinvbit, bmi1, bmi2, adx

/proc/cpuinfo:
processor	: 0
vendor_id	: GenuineIntel
cpu family	: 6
model		: 85
model name	: Intel(R) Xeon(R) Platinum 8124M CPU @ 3.00GHz
stepping	: 3
microcode	: 0x100013d
cpu MHz		: 2999.998
cache size	: 25344 KB
physical id	: 0
siblings	: 36
core id		: 0
cpu cores	: 18
apicid		: 0
initial apicid	: 0
fpu		: yes
fpu_exception	: yes
cpuid level	: 13
wp		: yes
flags		: fpu vme de pse tsc msr pae mce cx8 apic sep mtrr pge mca cmov pat pse36 clflush mmx fxsr sse sse2 ss ht syscall nx pdpe1gb rdtscp lm constant_tsc arch_perfmon rep_good nopl xtopology nonstop_tsc aperfmperf eagerfpu pni pclmulqdq monitor ssse3 fma cx16 pcid sse4_1 sse4_2 x2apic movbe popcnt tsc_deadline_timer aes xsave avx f16c rdrand hypervisor lahf_lm abm 3dnowprefetch fsgsbase tsc_adjust bmi1 hle avx2 smep bmi2 erms invpcid rtm mpx avx512f rdseed adx smap clflushopt clwb avx512cd xsaveopt xsavec xgetbv1 ida arat
bugs		:
bogomips	: 5999.99
clflush size	: 64
cache_alignment	: 64
address sizes	: 46 bits physical, 48 bits virtual
power management:

processor	: 1
vendor_id	: GenuineIntel
cpu family	: 6
model		: 85
model name	: Intel(R) Xeon(R) Platinum 8124M CPU @ 3.00GHz
stepping	: 3
microcode	: 0x100013d
cpu MHz		: 2999.998
cache size	: 25344 KB
physical id	: 0
siblings	: 36
core id		: 1
cpu cores	: 18
apicid		: 2
initial apicid	: 2
fpu		: yes
fpu_exception	: yes
cpuid level	: 13
wp		: yes
flags		: fpu vme de pse tsc msr pae mce cx8 apic sep mtrr pge mca cmov pat pse36 clflush mmx fxsr sse sse2 ss ht syscall nx pdpe1gb rdtscp lm constant_tsc arch_perfmon rep_good nopl xtopology nonstop_tsc aperfmperf eagerfpu pni pclmulqdq monitor ssse3 fma cx16 pcid sse4_1 sse4_2 x2apic movbe popcnt tsc_deadline_timer aes xsave avx f16c rdrand hypervisor lahf_lm abm 3dnowprefetch fsgsbase tsc_adjust bmi1 hle avx2 smep bmi2 erms invpcid rtm mpx avx512f rdseed adx smap clflushopt clwb avx512cd xsaveopt xsavec xgetbv1 ida arat
bugs		:
bogomips	: 5999.99
clflush size	: 64
cache_alignment	: 64
address sizes	: 46 bits physical, 48 bits virtual
power management:

processor	: 2
vendor_id	: GenuineIntel
cpu family	: 6
model		: 85
model name	: Intel(R) Xeon(R) Platinum 8124M CPU @ 3.00GHz
stepping	: 3
microcode	: 0x100013d
cpu MHz		: 2999.998
cache size	: 25344 KB
physical id	: 0
siblings	: 36
core id		: 2
cpu cores	: 18
apicid		: 4
initial apicid	: 4
fpu		: yes
fpu_exception	: yes
cpuid level	: 13
wp		: yes
flags		: fpu vme de pse tsc msr pae mce cx8 apic sep mtrr pge mca cmov pat pse36 clflush mmx fxsr sse sse2 ss ht syscall nx pdpe1gb rdtscp lm constant_tsc arch_perfmon rep_good nopl xtopology nonstop_tsc aperfmperf eagerfpu pni pclmulqdq monitor ssse3 fma cx16 pcid sse4_1 sse4_2 x2apic movbe popcnt tsc_deadline_timer aes xsave avx f16c rdrand hypervisor lahf_lm abm 3dnowprefetch fsgsbase tsc_adjust bmi1 hle avx2 smep bmi2 erms invpcid rtm mpx avx512f rdseed adx smap clflushopt clwb avx512cd xsaveopt xsavec xgetbv1 ida arat
bugs		:
bogomips	: 5999.99
clflush size	: 64
cache_alignment	: 64
address sizes	: 46 bits physical, 48 bits virtual
power management:

processor	: 3
vendor_id	: GenuineIntel
cpu family	: 6
model		: 85
model name	: Intel(R) Xeon(R) Platinum 8124M CPU @ 3.00GHz
stepping	: 3
microcode	: 0x100013d
cpu MHz		: 2999.998
cache size	: 25344 KB
physical id	: 0
siblings	: 36
core id		: 3
cpu cores	: 18
apicid		: 6
initial apicid	: 6
fpu		: yes
fpu_exception	: yes
cpuid level	: 13
wp		: yes
flags		: fpu vme de pse tsc msr pae mce cx8 apic sep mtrr pge mca cmov pat pse36 clflush mmx fxsr sse sse2 ss ht syscall nx pdpe1gb rdtscp lm constant_tsc arch_perfmon rep_good nopl xtopology nonstop_tsc aperfmperf eagerfpu pni pclmulqdq monitor ssse3 fma cx16 pcid sse4_1 sse4_2 x2apic movbe popcnt tsc_deadline_timer aes xsave avx f16c rdrand hypervisor lahf_lm abm 3dnowprefetch fsgsbase tsc_adjust bmi1 hle avx2 smep bmi2 erms invpcid rtm mpx avx512f rdseed adx smap clflushopt clwb avx512cd xsaveopt xsavec xgetbv1 ida arat
bugs		:
bogomips	: 5999.99
clflush size	: 64
cache_alignment	: 64
address sizes	: 46 bits physical, 48 bits virtual
power management:

processor	: 4
vendor_id	: GenuineIntel
cpu family	: 6
model		: 85
model name	: Intel(R) Xeon(R) Platinum 8124M CPU @ 3.00GHz
stepping	: 3
microcode	: 0x100013d
cpu MHz		: 2999.998
cache size	: 25344 KB
physical id	: 0
siblings	: 36
core id		: 4
cpu cores	: 18
apicid		: 8
initial apicid	: 8
fpu		: yes
fpu_exception	: yes
cpuid level	: 13
wp		: yes
flags		: fpu vme de pse tsc msr pae mce cx8 apic sep mtrr pge mca cmov pat pse36 clflush mmx fxsr sse sse2 ss ht syscall nx pdpe1gb rdtscp lm constant_tsc arch_perfmon rep_good nopl xtopology nonstop_tsc aperfmperf eagerfpu pni pclmulqdq monitor ssse3 fma cx16 pcid sse4_1 sse4_2 x2apic movbe popcnt tsc_deadline_timer aes xsave avx f16c rdrand hypervisor lahf_lm abm 3dnowprefetch fsgsbase tsc_adjust bmi1 hle avx2 smep bmi2 erms invpcid rtm mpx avx512f rdseed adx smap clflushopt clwb avx512cd xsaveopt xsavec xgetbv1 ida arat
bugs		:
bogomips	: 5999.99
clflush size	: 64
cache_alignment	: 64
address sizes	: 46 bits physical, 48 bits virtual
power management:

processor	: 5
vendor_id	: GenuineIntel
cpu family	: 6
model		: 85
model name	: Intel(R) Xeon(R) Platinum 8124M CPU @ 3.00GHz
stepping	: 3
microcode	: 0x100013d
cpu MHz		: 2999.998
cache size	: 25344 KB
physical id	: 0
siblings	: 36
core id		: 5
cpu cores	: 18
apicid		: 10
initial apicid	: 10
fpu		: yes
fpu_exception	: yes
cpuid level	: 13
wp		: yes
flags		: fpu vme de pse tsc msr pae mce cx8 apic sep mtrr pge mca cmov pat pse36 clflush mmx fxsr sse sse2 ss ht syscall nx pdpe1gb rdtscp lm constant_tsc arch_perfmon rep_good nopl xtopology nonstop_tsc aperfmperf eagerfpu pni pclmulqdq monitor ssse3 fma cx16 pcid sse4_1 sse4_2 x2apic movbe popcnt tsc_deadline_timer aes xsave avx f16c rdrand hypervisor lahf_lm abm 3dnowprefetch fsgsbase tsc_adjust bmi1 hle avx2 smep bmi2 erms invpcid rtm mpx avx512f rdseed adx smap clflushopt clwb avx512cd xsaveopt xsavec xgetbv1 ida arat
bugs		:
bogomips	: 5999.99
clflush size	: 64
cache_alignment	: 64
address sizes	: 46 bits physical, 48 bits virtual
power management:

processor	: 6
vendor_id	: GenuineIntel
cpu family	: 6
model		: 85
model name	: Intel(R) Xeon(R) Platinum 8124M CPU @ 3.00GHz
stepping	: 3
microcode	: 0x100013d
cpu MHz		: 2999.998
cache size	: 25344 KB
physical id	: 0
siblings	: 36
core id		: 6
cpu cores	: 18
apicid		: 12
initial apicid	: 12
fpu		: yes
fpu_exception	: yes
cpuid level	: 13
wp		: yes
flags		: fpu vme de pse tsc msr pae mce cx8 apic sep mtrr pge mca cmov pat pse36 clflush mmx fxsr sse sse2 ss ht syscall nx pdpe1gb rdtscp lm constant_tsc arch_perfmon rep_good nopl xtopology nonstop_tsc aperfmperf eagerfpu pni pclmulqdq monitor ssse3 fma cx16 pcid sse4_1 sse4_2 x2apic movbe popcnt tsc_deadline_timer aes xsave avx f16c rdrand hypervisor lahf_lm abm 3dnowprefetch fsgsbase tsc_adjust bmi1 hle avx2 smep bmi2 erms invpcid rtm mpx avx512f rdseed adx smap clflushopt clwb avx512cd xsaveopt xsavec xgetbv1 ida arat
bugs		:
bogomips	: 5999.99
clflush size	: 64
cache_alignment	: 64
address sizes	: 46 bits physical, 48 bits virtual
power management:

processor	: 7
vendor_id	: GenuineIntel
cpu family	: 6
model		: 85
model name	: Intel(R) Xeon(R) Platinum 8124M CPU @ 3.00GHz
stepping	: 3
microcode	: 0x100013d
cpu MHz		: 2999.998
cache size	: 25344 KB
physical id	: 0
siblings	: 36
core id		: 7
cpu cores	: 18
apicid		: 14
initial apicid	: 14
fpu		: yes
fpu_exception	: yes
cpuid level	: 13
wp		: yes
flags		: fpu vme de pse tsc msr pae mce cx8 apic sep mtrr pge mca cmov pat pse36 clflush mmx fxsr sse sse2 ss ht syscall nx pdpe1gb rdtscp lm constant_tsc arch_perfmon rep_good nopl xtopology nonstop_tsc aperfmperf eagerfpu pni pclmulqdq monitor ssse3 fma cx16 pcid sse4_1 sse4_2 x2apic movbe popcnt tsc_deadline_timer aes xsave avx f16c rdrand hypervisor lahf_lm abm 3dnowprefetch fsgsbase tsc_adjust bmi1 hle avx2 smep bmi2 erms invpcid rtm mpx avx512f rdseed adx smap clflushopt clwb avx512cd xsaveopt xsavec xgetbv1 ida arat
bugs		:
bogomips	: 5999.99
clflush size	: 64
cache_alignment	: 64
address sizes	: 46 bits physical, 48 bits virtual
power management:

processor	: 8
vendor_id	: GenuineIntel
cpu family	: 6
model		: 85
model name	: Intel(R) Xeon(R) Platinum 8124M CPU @ 3.00GHz
stepping	: 3
microcode	: 0x100013d
cpu MHz		: 2999.998
cache size	: 25344 KB
physical id	: 0
siblings	: 36
core id		: 8
cpu cores	: 18
apicid		: 16
initial apicid	: 16
fpu		: yes
fpu_exception	: yes
cpuid level	: 13
wp		: yes
flags		: fpu vme de pse tsc msr pae mce cx8 apic sep mtrr pge mca cmov pat pse36 clflush mmx fxsr sse sse2 ss ht syscall nx pdpe1gb rdtscp lm constant_tsc arch_perfmon rep_good nopl xtopology nonstop_tsc aperfmperf eagerfpu pni pclmulqdq monitor ssse3 fma cx16 pcid sse4_1 sse4_2 x2apic movbe popcnt tsc_deadline_timer aes xsave avx f16c rdrand hypervisor lahf_lm abm 3dnowprefetch fsgsbase tsc_adjust bmi1 hle avx2 smep bmi2 erms invpcid rtm mpx avx512f rdseed adx smap clflushopt clwb avx512cd xsaveopt xsavec xgetbv1 ida arat
bugs		:
bogomips	: 5999.99
clflush size	: 64
cache_alignment	: 64
address sizes	: 46 bits physical, 48 bits virtual
power management:

processor	: 9
vendor_id	: GenuineIntel
cpu family	: 6
model		: 85
model name	: Intel(R) Xeon(R) Platinum 8124M CPU @ 3.00GHz
stepping	: 3
microcode	: 0x100013d
cpu MHz		: 2999.998
cache size	: 25344 KB
physical id	: 0
siblings	: 36
core id		: 9
cpu cores	: 18
apicid		: 18
initial apicid	: 18
fpu		: yes
fpu_exception	: yes
cpuid level	: 13
wp		: yes
flags		: fpu vme de pse tsc msr pae mce cx8 apic sep mtrr pge mca cmov pat pse36 clflush mmx fxsr sse sse2 ss ht syscall nx pdpe1gb rdtscp lm constant_tsc arch_perfmon rep_good nopl xtopology nonstop_tsc aperfmperf eagerfpu pni pclmulqdq monitor ssse3 fma cx16 pcid sse4_1 sse4_2 x2apic movbe popcnt tsc_deadline_timer aes xsave avx f16c rdrand hypervisor lahf_lm abm 3dnowprefetch fsgsbase tsc_adjust bmi1 hle avx2 smep bmi2 erms invpcid rtm mpx avx512f rdseed adx smap clflushopt clwb avx512cd xsaveopt xsavec xgetbv1 ida arat
bugs		:
bogomips	: 5999.99
clflush size	: 64
cache_alignment	: 64
address sizes	: 46 bits physical, 48 bits virtual
power management:

processor	: 10
vendor_id	: GenuineIntel
cpu family	: 6
model		: 85
model name	: Intel(R) Xeon(R) Platinum 8124M CPU @ 3.00GHz
stepping	: 3
microcode	: 0x100013d
cpu MHz		: 2999.998
cache size	: 25344 KB
physical id	: 0
siblings	: 36
core id		: 10
cpu cores	: 18
apicid		: 20
initial apicid	: 20
fpu		: yes
fpu_exception	: yes
cpuid level	: 13
wp		: yes
flags		: fpu vme de pse tsc msr pae mce cx8 apic sep mtrr pge mca cmov pat pse36 clflush mmx fxsr sse sse2 ss ht syscall nx pdpe1gb rdtscp lm constant_tsc arch_perfmon rep_good nopl xtopology nonstop_tsc aperfmperf eagerfpu pni pclmulqdq monitor ssse3 fma cx16 pcid sse4_1 sse4_2 x2apic movbe popcnt tsc_deadline_timer aes xsave avx f16c rdrand hypervisor lahf_lm abm 3dnowprefetch fsgsbase tsc_adjust bmi1 hle avx2 smep bmi2 erms invpcid rtm mpx avx512f rdseed adx smap clflushopt clwb avx512cd xsaveopt xsavec xgetbv1 ida arat
bugs		:
bogomips	: 5999.99
clflush size	: 64
cache_alignment	: 64
address sizes	: 46 bits physical, 48 bits virtual
power management:

processor	: 11
vendor_id	: GenuineIntel
cpu family	: 6
model		: 85
model name	: Intel(R) Xeon(R) Platinum 8124M CPU @ 3.00GHz
stepping	: 3
microcode	: 0x100013d
cpu MHz		: 2999.998
cache size	: 25344 KB
physical id	: 0
siblings	: 36
core id		: 11
cpu cores	: 18
apicid		: 22
initial apicid	: 22
fpu		: yes
fpu_exception	: yes
cpuid level	: 13
wp		: yes
flags		: fpu vme de pse tsc msr pae mce cx8 apic sep mtrr pge mca cmov pat pse36 clflush mmx fxsr sse sse2 ss ht syscall nx pdpe1gb rdtscp lm constant_tsc arch_perfmon rep_good nopl xtopology nonstop_tsc aperfmperf eagerfpu pni pclmulqdq monitor ssse3 fma cx16 pcid sse4_1 sse4_2 x2apic movbe popcnt tsc_deadline_timer aes xsave avx f16c rdrand hypervisor lahf_lm abm 3dnowprefetch fsgsbase tsc_adjust bmi1 hle avx2 smep bmi2 erms invpcid rtm mpx avx512f rdseed adx smap clflushopt clwb avx512cd xsaveopt xsavec xgetbv1 ida arat
bugs		:
bogomips	: 5999.99
clflush size	: 64
cache_alignment	: 64
address sizes	: 46 bits physical, 48 bits virtual
power management:

processor	: 12
vendor_id	: GenuineIntel
cpu family	: 6
model		: 85
model name	: Intel(R) Xeon(R) Platinum 8124M CPU @ 3.00GHz
stepping	: 3
microcode	: 0x100013d
cpu MHz		: 2999.998
cache size	: 25344 KB
physical id	: 0
siblings	: 36
core id		: 12
cpu cores	: 18
apicid		: 24
initial apicid	: 24
fpu		: yes
fpu_exception	: yes
cpuid level	: 13
wp		: yes
flags		: fpu vme de pse tsc msr pae mce cx8 apic sep mtrr pge mca cmov pat pse36 clflush mmx fxsr sse sse2 ss ht syscall nx pdpe1gb rdtscp lm constant_tsc arch_perfmon rep_good nopl xtopology nonstop_tsc aperfmperf eagerfpu pni pclmulqdq monitor ssse3 fma cx16 pcid sse4_1 sse4_2 x2apic movbe popcnt tsc_deadline_timer aes xsave avx f16c rdrand hypervisor lahf_lm abm 3dnowprefetch fsgsbase tsc_adjust bmi1 hle avx2 smep bmi2 erms invpcid rtm mpx avx512f rdseed adx smap clflushopt clwb avx512cd xsaveopt xsavec xgetbv1 ida arat
bugs		:
bogomips	: 5999.99
clflush size	: 64
cache_alignment	: 64
address sizes	: 46 bits physical, 48 bits virtual
power management:

processor	: 13
vendor_id	: GenuineIntel
cpu family	: 6
model		: 85
model name	: Intel(R) Xeon(R) Platinum 8124M CPU @ 3.00GHz
stepping	: 3
microcode	: 0x100013d
cpu MHz		: 2999.998
cache size	: 25344 KB
physical id	: 0
siblings	: 36
core id		: 13
cpu cores	: 18
apicid		: 26
initial apicid	: 26
fpu		: yes
fpu_exception	: yes
cpuid level	: 13
wp		: yes
flags		: fpu vme de pse tsc msr pae mce cx8 apic sep mtrr pge mca cmov pat pse36 clflush mmx fxsr sse sse2 ss ht syscall nx pdpe1gb rdtscp lm constant_tsc arch_perfmon rep_good nopl xtopology nonstop_tsc aperfmperf eagerfpu pni pclmulqdq monitor ssse3 fma cx16 pcid sse4_1 sse4_2 x2apic movbe popcnt tsc_deadline_timer aes xsave avx f16c rdrand hypervisor lahf_lm abm 3dnowprefetch fsgsbase tsc_adjust bmi1 hle avx2 smep bmi2 erms invpcid rtm mpx avx512f rdseed adx smap clflushopt clwb avx512cd xsaveopt xsavec xgetbv1 ida arat
bugs		:
bogomips	: 5999.99
clflush size	: 64
cache_alignment	: 64
address sizes	: 46 bits physical, 48 bits virtual
power management:

processor	: 14
vendor_id	: GenuineIntel
cpu family	: 6
model		: 85
model name	: Intel(R) Xeon(R) Platinum 8124M CPU @ 3.00GHz
stepping	: 3
microcode	: 0x100013d
cpu MHz		: 2999.998
cache size	: 25344 KB
physical id	: 0
siblings	: 36
core id		: 14
cpu cores	: 18
apicid		: 28
initial apicid	: 28
fpu		: yes
fpu_exception	: yes
cpuid level	: 13
wp		: yes
flags		: fpu vme de pse tsc msr pae mce cx8 apic sep mtrr pge mca cmov pat pse36 clflush mmx fxsr sse sse2 ss ht syscall nx pdpe1gb rdtscp lm constant_tsc arch_perfmon rep_good nopl xtopology nonstop_tsc aperfmperf eagerfpu pni pclmulqdq monitor ssse3 fma cx16 pcid sse4_1 sse4_2 x2apic movbe popcnt tsc_deadline_timer aes xsave avx f16c rdrand hypervisor lahf_lm abm 3dnowprefetch fsgsbase tsc_adjust bmi1 hle avx2 smep bmi2 erms invpcid rtm mpx avx512f rdseed adx smap clflushopt clwb avx512cd xsaveopt xsavec xgetbv1 ida arat
bugs		:
bogomips	: 5999.99
clflush size	: 64
cache_alignment	: 64
address sizes	: 46 bits physical, 48 bits virtual
power management:

processor	: 15
vendor_id	: GenuineIntel
cpu family	: 6
model		: 85
model name	: Intel(R) Xeon(R) Platinum 8124M CPU @ 3.00GHz
stepping	: 3
microcode	: 0x100013d
cpu MHz		: 2999.998
cache size	: 25344 KB
physical id	: 0
siblings	: 36
core id		: 15
cpu cores	: 18
apicid		: 30
initial apicid	: 30
fpu		: yes
fpu_exception	: yes
cpuid level	: 13
wp		: yes
flags		: fpu vme de pse tsc msr pae mce cx8 apic sep mtrr pge mca cmov pat pse36 clflush mmx fxsr sse sse2 ss ht syscall nx pdpe1gb rdtscp lm constant_tsc arch_perfmon rep_good nopl xtopology nonstop_tsc aperfmperf eagerfpu pni pclmulqdq monitor ssse3 fma cx16 pcid sse4_1 sse4_2 x2apic movbe popcnt tsc_deadline_timer aes xsave avx f16c rdrand hypervisor lahf_lm abm 3dnowprefetch fsgsbase tsc_adjust bmi1 hle avx2 smep bmi2 erms invpcid rtm mpx avx512f rdseed adx smap clflushopt clwb avx512cd xsaveopt xsavec xgetbv1 ida arat
bugs		:
bogomips	: 5999.99
clflush size	: 64
cache_alignment	: 64
address sizes	: 46 bits physical, 48 bits virtual
power management:

processor	: 16
vendor_id	: GenuineIntel
cpu family	: 6
model		: 85
model name	: Intel(R) Xeon(R) Platinum 8124M CPU @ 3.00GHz
stepping	: 3
microcode	: 0x100013d
cpu MHz		: 2999.998
cache size	: 25344 KB
physical id	: 0
siblings	: 36
core id		: 16
cpu cores	: 18
apicid		: 32
initial apicid	: 32
fpu		: yes
fpu_exception	: yes
cpuid level	: 13
wp		: yes
flags		: fpu vme de pse tsc msr pae mce cx8 apic sep mtrr pge mca cmov pat pse36 clflush mmx fxsr sse sse2 ss ht syscall nx pdpe1gb rdtscp lm constant_tsc arch_perfmon rep_good nopl xtopology nonstop_tsc aperfmperf eagerfpu pni pclmulqdq monitor ssse3 fma cx16 pcid sse4_1 sse4_2 x2apic movbe popcnt tsc_deadline_timer aes xsave avx f16c rdrand hypervisor lahf_lm abm 3dnowprefetch fsgsbase tsc_adjust bmi1 hle avx2 smep bmi2 erms invpcid rtm mpx avx512f rdseed adx smap clflushopt clwb avx512cd xsaveopt xsavec xgetbv1 ida arat
bugs		:
bogomips	: 5999.99
clflush size	: 64
cache_alignment	: 64
address sizes	: 46 bits physical, 48 bits virtual
power management:

processor	: 17
vendor_id	: GenuineIntel
cpu family	: 6
model		: 85
model name	: Intel(R) Xeon(R) Platinum 8124M CPU @ 3.00GHz
stepping	: 3
microcode	: 0x100013d
cpu MHz		: 2999.998
cache size	: 25344 KB
physical id	: 0
siblings	: 36
core id		: 17
cpu cores	: 18
apicid		: 34
initial apicid	: 34
fpu		: yes
fpu_exception	: yes
cpuid level	: 13
wp		: yes
flags		: fpu vme de pse tsc msr pae mce cx8 apic sep mtrr pge mca cmov pat pse36 clflush mmx fxsr sse sse2 ss ht syscall nx pdpe1gb rdtscp lm constant_tsc arch_perfmon rep_good nopl xtopology nonstop_tsc aperfmperf eagerfpu pni pclmulqdq monitor ssse3 fma cx16 pcid sse4_1 sse4_2 x2apic movbe popcnt tsc_deadline_timer aes xsave avx f16c rdrand hypervisor lahf_lm abm 3dnowprefetch fsgsbase tsc_adjust bmi1 hle avx2 smep bmi2 erms invpcid rtm mpx avx512f rdseed adx smap clflushopt clwb avx512cd xsaveopt xsavec xgetbv1 ida arat
bugs		:
bogomips	: 5999.99
clflush size	: 64
cache_alignment	: 64
address sizes	: 46 bits physical, 48 bits virtual
power management:

processor	: 18
vendor_id	: GenuineIntel
cpu family	: 6
model		: 85
model name	: Intel(R) Xeon(R) Platinum 8124M CPU @ 3.00GHz
stepping	: 3
microcode	: 0x100013d
cpu MHz		: 2999.998
cache size	: 25344 KB
physical id	: 0
siblings	: 36
core id		: 0
cpu cores	: 18
apicid		: 1
initial apicid	: 1
fpu		: yes
fpu_exception	: yes
cpuid level	: 13
wp		: yes
flags		: fpu vme de pse tsc msr pae mce cx8 apic sep mtrr pge mca cmov pat pse36 clflush mmx fxsr sse sse2 ss ht syscall nx pdpe1gb rdtscp lm constant_tsc arch_perfmon rep_good nopl xtopology nonstop_tsc aperfmperf eagerfpu pni pclmulqdq monitor ssse3 fma cx16 pcid sse4_1 sse4_2 x2apic movbe popcnt tsc_deadline_timer aes xsave avx f16c rdrand hypervisor lahf_lm abm 3dnowprefetch fsgsbase tsc_adjust bmi1 hle avx2 smep bmi2 erms invpcid rtm mpx avx512f rdseed adx smap clflushopt clwb avx512cd xsaveopt xsavec xgetbv1 ida arat
bugs		:
bogomips	: 5999.99
clflush size	: 64
cache_alignment	: 64
address sizes	: 46 bits physical, 48 bits virtual
power management:

processor	: 19
vendor_id	: GenuineIntel
cpu family	: 6
model		: 85
model name	: Intel(R) Xeon(R) Platinum 8124M CPU @ 3.00GHz
stepping	: 3
microcode	: 0x100013d
cpu MHz		: 2999.998
cache size	: 25344 KB
physical id	: 0
siblings	: 36
core id		: 1
cpu cores	: 18
apicid		: 3
initial apicid	: 3
fpu		: yes
fpu_exception	: yes
cpuid level	: 13
wp		: yes
flags		: fpu vme de pse tsc msr pae mce cx8 apic sep mtrr pge mca cmov pat pse36 clflush mmx fxsr sse sse2 ss ht syscall nx pdpe1gb rdtscp lm constant_tsc arch_perfmon rep_good nopl xtopology nonstop_tsc aperfmperf eagerfpu pni pclmulqdq monitor ssse3 fma cx16 pcid sse4_1 sse4_2 x2apic movbe popcnt tsc_deadline_timer aes xsave avx f16c rdrand hypervisor lahf_lm abm 3dnowprefetch fsgsbase tsc_adjust bmi1 hle avx2 smep bmi2 erms invpcid rtm mpx avx512f rdseed adx smap clflushopt clwb avx512cd xsaveopt xsavec xgetbv1 ida arat
bugs		:
bogomips	: 5999.99
clflush size	: 64
cache_alignment	: 64
address sizes	: 46 bits physical, 48 bits virtual
power management:

processor	: 20
vendor_id	: GenuineIntel
cpu family	: 6
model		: 85
model name	: Intel(R) Xeon(R) Platinum 8124M CPU @ 3.00GHz
stepping	: 3
microcode	: 0x100013d
cpu MHz		: 2999.998
cache size	: 25344 KB
physical id	: 0
siblings	: 36
core id		: 2
cpu cores	: 18
apicid		: 5
initial apicid	: 5
fpu		: yes
fpu_exception	: yes
cpuid level	: 13
wp		: yes
flags		: fpu vme de pse tsc msr pae mce cx8 apic sep mtrr pge mca cmov pat pse36 clflush mmx fxsr sse sse2 ss ht syscall nx pdpe1gb rdtscp lm constant_tsc arch_perfmon rep_good nopl xtopology nonstop_tsc aperfmperf eagerfpu pni pclmulqdq monitor ssse3 fma cx16 pcid sse4_1 sse4_2 x2apic movbe popcnt tsc_deadline_timer aes xsave avx f16c rdrand hypervisor lahf_lm abm 3dnowprefetch fsgsbase tsc_adjust bmi1 hle avx2 smep bmi2 erms invpcid rtm mpx avx512f rdseed adx smap clflushopt clwb avx512cd xsaveopt xsavec xgetbv1 ida arat
bugs		:
bogomips	: 5999.99
clflush size	: 64
cache_alignment	: 64
address sizes	: 46 bits physical, 48 bits virtual
power management:

processor	: 21
vendor_id	: GenuineIntel
cpu family	: 6
model		: 85
model name	: Intel(R) Xeon(R) Platinum 8124M CPU @ 3.00GHz
stepping	: 3
microcode	: 0x100013d
cpu MHz		: 2999.998
cache size	: 25344 KB
physical id	: 0
siblings	: 36
core id		: 3
cpu cores	: 18
apicid		: 7
initial apicid	: 7
fpu		: yes
fpu_exception	: yes
cpuid level	: 13
wp		: yes
flags		: fpu vme de pse tsc msr pae mce cx8 apic sep mtrr pge mca cmov pat pse36 clflush mmx fxsr sse sse2 ss ht syscall nx pdpe1gb rdtscp lm constant_tsc arch_perfmon rep_good nopl xtopology nonstop_tsc aperfmperf eagerfpu pni pclmulqdq monitor ssse3 fma cx16 pcid sse4_1 sse4_2 x2apic movbe popcnt tsc_deadline_timer aes xsave avx f16c rdrand hypervisor lahf_lm abm 3dnowprefetch fsgsbase tsc_adjust bmi1 hle avx2 smep bmi2 erms invpcid rtm mpx avx512f rdseed adx smap clflushopt clwb avx512cd xsaveopt xsavec xgetbv1 ida arat
bugs		:
bogomips	: 5999.99
clflush size	: 64
cache_alignment	: 64
address sizes	: 46 bits physical, 48 bits virtual
power management:

processor	: 22
vendor_id	: GenuineIntel
cpu family	: 6
model		: 85
model name	: Intel(R) Xeon(R) Platinum 8124M CPU @ 3.00GHz
stepping	: 3
microcode	: 0x100013d
cpu MHz		: 2999.998
cache size	: 25344 KB
physical id	: 0
siblings	: 36
core id		: 4
cpu cores	: 18
apicid		: 9
initial apicid	: 9
fpu		: yes
fpu_exception	: yes
cpuid level	: 13
wp		: yes
flags		: fpu vme de pse tsc msr pae mce cx8 apic sep mtrr pge mca cmov pat pse36 clflush mmx fxsr sse sse2 ss ht syscall nx pdpe1gb rdtscp lm constant_tsc arch_perfmon rep_good nopl xtopology nonstop_tsc aperfmperf eagerfpu pni pclmulqdq monitor ssse3 fma cx16 pcid sse4_1 sse4_2 x2apic movbe popcnt tsc_deadline_timer aes xsave avx f16c rdrand hypervisor lahf_lm abm 3dnowprefetch fsgsbase tsc_adjust bmi1 hle avx2 smep bmi2 erms invpcid rtm mpx avx512f rdseed adx smap clflushopt clwb avx512cd xsaveopt xsavec xgetbv1 ida arat
bugs		:
bogomips	: 5999.99
clflush size	: 64
cache_alignment	: 64
address sizes	: 46 bits physical, 48 bits virtual
power management:

processor	: 23
vendor_id	: GenuineIntel
cpu family	: 6
model		: 85
model name	: Intel(R) Xeon(R) Platinum 8124M CPU @ 3.00GHz
stepping	: 3
microcode	: 0x100013d
cpu MHz		: 2999.998
cache size	: 25344 KB
physical id	: 0
siblings	: 36
core id		: 5
cpu cores	: 18
apicid		: 11
initial apicid	: 11
fpu		: yes
fpu_exception	: yes
cpuid level	: 13
wp		: yes
flags		: fpu vme de pse tsc msr pae mce cx8 apic sep mtrr pge mca cmov pat pse36 clflush mmx fxsr sse sse2 ss ht syscall nx pdpe1gb rdtscp lm constant_tsc arch_perfmon rep_good nopl xtopology nonstop_tsc aperfmperf eagerfpu pni pclmulqdq monitor ssse3 fma cx16 pcid sse4_1 sse4_2 x2apic movbe popcnt tsc_deadline_timer aes xsave avx f16c rdrand hypervisor lahf_lm abm 3dnowprefetch fsgsbase tsc_adjust bmi1 hle avx2 smep bmi2 erms invpcid rtm mpx avx512f rdseed adx smap clflushopt clwb avx512cd xsaveopt xsavec xgetbv1 ida arat
bugs		:
bogomips	: 5999.99
clflush size	: 64
cache_alignment	: 64
address sizes	: 46 bits physical, 48 bits virtual
power management:

processor	: 24
vendor_id	: GenuineIntel
cpu family	: 6
model		: 85
model name	: Intel(R) Xeon(R) Platinum 8124M CPU @ 3.00GHz
stepping	: 3
microcode	: 0x100013d
cpu MHz		: 2999.998
cache size	: 25344 KB
physical id	: 0
siblings	: 36
core id		: 6
cpu cores	: 18
apicid		: 13
initial apicid	: 13
fpu		: yes
fpu_exception	: yes
cpuid level	: 13
wp		: yes
flags		: fpu vme de pse tsc msr pae mce cx8 apic sep mtrr pge mca cmov pat pse36 clflush mmx fxsr sse sse2 ss ht syscall nx pdpe1gb rdtscp lm constant_tsc arch_perfmon rep_good nopl xtopology nonstop_tsc aperfmperf eagerfpu pni pclmulqdq monitor ssse3 fma cx16 pcid sse4_1 sse4_2 x2apic movbe popcnt tsc_deadline_timer aes xsave avx f16c rdrand hypervisor lahf_lm abm 3dnowprefetch fsgsbase tsc_adjust bmi1 hle avx2 smep bmi2 erms invpcid rtm mpx avx512f rdseed adx smap clflushopt clwb avx512cd xsaveopt xsavec xgetbv1 ida arat
bugs		:
bogomips	: 5999.99
clflush size	: 64
cache_alignment	: 64
address sizes	: 46 bits physical, 48 bits virtual
power management:

processor	: 25
vendor_id	: GenuineIntel
cpu family	: 6
model		: 85
model name	: Intel(R) Xeon(R) Platinum 8124M CPU @ 3.00GHz
stepping	: 3
microcode	: 0x100013d
cpu MHz		: 2999.998
cache size	: 25344 KB
physical id	: 0
siblings	: 36
core id		: 7
cpu cores	: 18
apicid		: 15
initial apicid	: 15
fpu		: yes
fpu_exception	: yes
cpuid level	: 13
wp		: yes
flags		: fpu vme de pse tsc msr pae mce cx8 apic sep mtrr pge mca cmov pat pse36 clflush mmx fxsr sse sse2 ss ht syscall nx pdpe1gb rdtscp lm constant_tsc arch_perfmon rep_good nopl xtopology nonstop_tsc aperfmperf eagerfpu pni pclmulqdq monitor ssse3 fma cx16 pcid sse4_1 sse4_2 x2apic movbe popcnt tsc_deadline_timer aes xsave avx f16c rdrand hypervisor lahf_lm abm 3dnowprefetch fsgsbase tsc_adjust bmi1 hle avx2 smep bmi2 erms invpcid rtm mpx avx512f rdseed adx smap clflushopt clwb avx512cd xsaveopt xsavec xgetbv1 ida arat
bugs		:
bogomips	: 5999.99
clflush size	: 64
cache_alignment	: 64
address sizes	: 46 bits physical, 48 bits virtual
power management:

processor	: 26
vendor_id	: GenuineIntel
cpu family	: 6
model		: 85
model name	: Intel(R) Xeon(R) Platinum 8124M CPU @ 3.00GHz
stepping	: 3
microcode	: 0x100013d
cpu MHz		: 2999.998
cache size	: 25344 KB
physical id	: 0
siblings	: 36
core id		: 8
cpu cores	: 18
apicid		: 17
initial apicid	: 17
fpu		: yes
fpu_exception	: yes
cpuid level	: 13
wp		: yes
flags		: fpu vme de pse tsc msr pae mce cx8 apic sep mtrr pge mca cmov pat pse36 clflush mmx fxsr sse sse2 ss ht syscall nx pdpe1gb rdtscp lm constant_tsc arch_perfmon rep_good nopl xtopology nonstop_tsc aperfmperf eagerfpu pni pclmulqdq monitor ssse3 fma cx16 pcid sse4_1 sse4_2 x2apic movbe popcnt tsc_deadline_timer aes xsave avx f16c rdrand hypervisor lahf_lm abm 3dnowprefetch fsgsbase tsc_adjust bmi1 hle avx2 smep bmi2 erms invpcid rtm mpx avx512f rdseed adx smap clflushopt clwb avx512cd xsaveopt xsavec xgetbv1 ida arat
bugs		:
bogomips	: 5999.99
clflush size	: 64
cache_alignment	: 64
address sizes	: 46 bits physical, 48 bits virtual
power management:

processor	: 27
vendor_id	: GenuineIntel
cpu family	: 6
model		: 85
model name	: Intel(R) Xeon(R) Platinum 8124M CPU @ 3.00GHz
stepping	: 3
microcode	: 0x100013d
cpu MHz		: 2999.998
cache size	: 25344 KB
physical id	: 0
siblings	: 36
core id		: 9
cpu cores	: 18
apicid		: 19
initial apicid	: 19
fpu		: yes
fpu_exception	: yes
cpuid level	: 13
wp		: yes
flags		: fpu vme de pse tsc msr pae mce cx8 apic sep mtrr pge mca cmov pat pse36 clflush mmx fxsr sse sse2 ss ht syscall nx pdpe1gb rdtscp lm constant_tsc arch_perfmon rep_good nopl xtopology nonstop_tsc aperfmperf eagerfpu pni pclmulqdq monitor ssse3 fma cx16 pcid sse4_1 sse4_2 x2apic movbe popcnt tsc_deadline_timer aes xsave avx f16c rdrand hypervisor lahf_lm abm 3dnowprefetch fsgsbase tsc_adjust bmi1 hle avx2 smep bmi2 erms invpcid rtm mpx avx512f rdseed adx smap clflushopt clwb avx512cd xsaveopt xsavec xgetbv1 ida arat
bugs		:
bogomips	: 5999.99
clflush size	: 64
cache_alignment	: 64
address sizes	: 46 bits physical, 48 bits virtual
power management:

processor	: 28
vendor_id	: GenuineIntel
cpu family	: 6
model		: 85
model name	: Intel(R) Xeon(R) Platinum 8124M CPU @ 3.00GHz
stepping	: 3
microcode	: 0x100013d
cpu MHz		: 2999.998
cache size	: 25344 KB
physical id	: 0
siblings	: 36
core id		: 10
cpu cores	: 18
apicid		: 21
initial apicid	: 21
fpu		: yes
fpu_exception	: yes
cpuid level	: 13
wp		: yes
flags		: fpu vme de pse tsc msr pae mce cx8 apic sep mtrr pge mca cmov pat pse36 clflush mmx fxsr sse sse2 ss ht syscall nx pdpe1gb rdtscp lm constant_tsc arch_perfmon rep_good nopl xtopology nonstop_tsc aperfmperf eagerfpu pni pclmulqdq monitor ssse3 fma cx16 pcid sse4_1 sse4_2 x2apic movbe popcnt tsc_deadline_timer aes xsave avx f16c rdrand hypervisor lahf_lm abm 3dnowprefetch fsgsbase tsc_adjust bmi1 hle avx2 smep bmi2 erms invpcid rtm mpx avx512f rdseed adx smap clflushopt clwb avx512cd xsaveopt xsavec xgetbv1 ida arat
bugs		:
bogomips	: 5999.99
clflush size	: 64
cache_alignment	: 64
address sizes	: 46 bits physical, 48 bits virtual
power management:

processor	: 29
vendor_id	: GenuineIntel
cpu family	: 6
model		: 85
model name	: Intel(R) Xeon(R) Platinum 8124M CPU @ 3.00GHz
stepping	: 3
microcode	: 0x100013d
cpu MHz		: 2999.998
cache size	: 25344 KB
physical id	: 0
siblings	: 36
core id		: 11
cpu cores	: 18
apicid		: 23
initial apicid	: 23
fpu		: yes
fpu_exception	: yes
cpuid level	: 13
wp		: yes
flags		: fpu vme de pse tsc msr pae mce cx8 apic sep mtrr pge mca cmov pat pse36 clflush mmx fxsr sse sse2 ss ht syscall nx pdpe1gb rdtscp lm constant_tsc arch_perfmon rep_good nopl xtopology nonstop_tsc aperfmperf eagerfpu pni pclmulqdq monitor ssse3 fma cx16 pcid sse4_1 sse4_2 x2apic movbe popcnt tsc_deadline_timer aes xsave avx f16c rdrand hypervisor lahf_lm abm 3dnowprefetch fsgsbase tsc_adjust bmi1 hle avx2 smep bmi2 erms invpcid rtm mpx avx512f rdseed adx smap clflushopt clwb avx512cd xsaveopt xsavec xgetbv1 ida arat
bugs		:
bogomips	: 5999.99
clflush size	: 64
cache_alignment	: 64
address sizes	: 46 bits physical, 48 bits virtual
power management:

processor	: 30
vendor_id	: GenuineIntel
cpu family	: 6
model		: 85
model name	: Intel(R) Xeon(R) Platinum 8124M CPU @ 3.00GHz
stepping	: 3
microcode	: 0x100013d
cpu MHz		: 2999.998
cache size	: 25344 KB
physical id	: 0
siblings	: 36
core id		: 12
cpu cores	: 18
apicid		: 25
initial apicid	: 25
fpu		: yes
fpu_exception	: yes
cpuid level	: 13
wp		: yes
flags		: fpu vme de pse tsc msr pae mce cx8 apic sep mtrr pge mca cmov pat pse36 clflush mmx fxsr sse sse2 ss ht syscall nx pdpe1gb rdtscp lm constant_tsc arch_perfmon rep_good nopl xtopology nonstop_tsc aperfmperf eagerfpu pni pclmulqdq monitor ssse3 fma cx16 pcid sse4_1 sse4_2 x2apic movbe popcnt tsc_deadline_timer aes xsave avx f16c rdrand hypervisor lahf_lm abm 3dnowprefetch fsgsbase tsc_adjust bmi1 hle avx2 smep bmi2 erms invpcid rtm mpx avx512f rdseed adx smap clflushopt clwb avx512cd xsaveopt xsavec xgetbv1 ida arat
bugs		:
bogomips	: 5999.99
clflush size	: 64
cache_alignment	: 64
address sizes	: 46 bits physical, 48 bits virtual
power management:

processor	: 31
vendor_id	: GenuineIntel
cpu family	: 6
model		: 85
model name	: Intel(R) Xeon(R) Platinum 8124M CPU @ 3.00GHz
stepping	: 3
microcode	: 0x100013d
cpu MHz		: 2999.998
cache size	: 25344 KB
physical id	: 0
siblings	: 36
core id		: 13
cpu cores	: 18
apicid		: 27
initial apicid	: 27
fpu		: yes
fpu_exception	: yes
cpuid level	: 13
wp		: yes
flags		: fpu vme de pse tsc msr pae mce cx8 apic sep mtrr pge mca cmov pat pse36 clflush mmx fxsr sse sse2 ss ht syscall nx pdpe1gb rdtscp lm constant_tsc arch_perfmon rep_good nopl xtopology nonstop_tsc aperfmperf eagerfpu pni pclmulqdq monitor ssse3 fma cx16 pcid sse4_1 sse4_2 x2apic movbe popcnt tsc_deadline_timer aes xsave avx f16c rdrand hypervisor lahf_lm abm 3dnowprefetch fsgsbase tsc_adjust bmi1 hle avx2 smep bmi2 erms invpcid rtm mpx avx512f rdseed adx smap clflushopt clwb avx512cd xsaveopt xsavec xgetbv1 ida arat
bugs		:
bogomips	: 5999.99
clflush size	: 64
cache_alignment	: 64
address sizes	: 46 bits physical, 48 bits virtual
power management:

processor	: 32
vendor_id	: GenuineIntel
cpu family	: 6
model		: 85
model name	: Intel(R) Xeon(R) Platinum 8124M CPU @ 3.00GHz
stepping	: 3
microcode	: 0x100013d
cpu MHz		: 2999.998
cache size	: 25344 KB
physical id	: 0
siblings	: 36
core id		: 14
cpu cores	: 18
apicid		: 29
initial apicid	: 29
fpu		: yes
fpu_exception	: yes
cpuid level	: 13
wp		: yes
flags		: fpu vme de pse tsc msr pae mce cx8 apic sep mtrr pge mca cmov pat pse36 clflush mmx fxsr sse sse2 ss ht syscall nx pdpe1gb rdtscp lm constant_tsc arch_perfmon rep_good nopl xtopology nonstop_tsc aperfmperf eagerfpu pni pclmulqdq monitor ssse3 fma cx16 pcid sse4_1 sse4_2 x2apic movbe popcnt tsc_deadline_timer aes xsave avx f16c rdrand hypervisor lahf_lm abm 3dnowprefetch fsgsbase tsc_adjust bmi1 hle avx2 smep bmi2 erms invpcid rtm mpx avx512f rdseed adx smap clflushopt clwb avx512cd xsaveopt xsavec xgetbv1 ida arat
bugs		:
bogomips	: 5999.99
clflush size	: 64
cache_alignment	: 64
address sizes	: 46 bits physical, 48 bits virtual
power management:

processor	: 33
vendor_id	: GenuineIntel
cpu family	: 6
model		: 85
model name	: Intel(R) Xeon(R) Platinum 8124M CPU @ 3.00GHz
stepping	: 3
microcode	: 0x100013d
cpu MHz		: 2999.998
cache size	: 25344 KB
physical id	: 0
siblings	: 36
core id		: 15
cpu cores	: 18
apicid		: 31
initial apicid	: 31
fpu		: yes
fpu_exception	: yes
cpuid level	: 13
wp		: yes
flags		: fpu vme de pse tsc msr pae mce cx8 apic sep mtrr pge mca cmov pat pse36 clflush mmx fxsr sse sse2 ss ht syscall nx pdpe1gb rdtscp lm constant_tsc arch_perfmon rep_good nopl xtopology nonstop_tsc aperfmperf eagerfpu pni pclmulqdq monitor ssse3 fma cx16 pcid sse4_1 sse4_2 x2apic movbe popcnt tsc_deadline_timer aes xsave avx f16c rdrand hypervisor lahf_lm abm 3dnowprefetch fsgsbase tsc_adjust bmi1 hle avx2 smep bmi2 erms invpcid rtm mpx avx512f rdseed adx smap clflushopt clwb avx512cd xsaveopt xsavec xgetbv1 ida arat
bugs		:
bogomips	: 5999.99
clflush size	: 64
cache_alignment	: 64
address sizes	: 46 bits physical, 48 bits virtual
power management:

processor	: 34
vendor_id	: GenuineIntel
cpu family	: 6
model		: 85
model name	: Intel(R) Xeon(R) Platinum 8124M CPU @ 3.00GHz
stepping	: 3
microcode	: 0x100013d
cpu MHz		: 2999.998
cache size	: 25344 KB
physical id	: 0
siblings	: 36
core id		: 16
cpu cores	: 18
apicid		: 33
initial apicid	: 33
fpu		: yes
fpu_exception	: yes
cpuid level	: 13
wp		: yes
flags		: fpu vme de pse tsc msr pae mce cx8 apic sep mtrr pge mca cmov pat pse36 clflush mmx fxsr sse sse2 ss ht syscall nx pdpe1gb rdtscp lm constant_tsc arch_perfmon rep_good nopl xtopology nonstop_tsc aperfmperf eagerfpu pni pclmulqdq monitor ssse3 fma cx16 pcid sse4_1 sse4_2 x2apic movbe popcnt tsc_deadline_timer aes xsave avx f16c rdrand hypervisor lahf_lm abm 3dnowprefetch fsgsbase tsc_adjust bmi1 hle avx2 smep bmi2 erms invpcid rtm mpx avx512f rdseed adx smap clflushopt clwb avx512cd xsaveopt xsavec xgetbv1 ida arat
bugs		:
bogomips	: 5999.99
clflush size	: 64
cache_alignment	: 64
address sizes	: 46 bits physical, 48 bits virtual
power management:

processor	: 35
vendor_id	: GenuineIntel
cpu family	: 6
model		: 85
model name	: Intel(R) Xeon(R) Platinum 8124M CPU @ 3.00GHz
stepping	: 3
microcode	: 0x100013d
cpu MHz		: 2999.998
cache size	: 25344 KB
physical id	: 0
siblings	: 36
core id		: 17
cpu cores	: 18
apicid		: 35
initial apicid	: 35
fpu		: yes
fpu_exception	: yes
cpuid level	: 13
wp		: yes
flags		: fpu vme de pse tsc msr pae mce cx8 apic sep mtrr pge mca cmov pat pse36 clflush mmx fxsr sse sse2 ss ht syscall nx pdpe1gb rdtscp lm constant_tsc arch_perfmon rep_good nopl xtopology nonstop_tsc aperfmperf eagerfpu pni pclmulqdq monitor ssse3 fma cx16 pcid sse4_1 sse4_2 x2apic movbe popcnt tsc_deadline_timer aes xsave avx f16c rdrand hypervisor lahf_lm abm 3dnowprefetch fsgsbase tsc_adjust bmi1 hle avx2 smep bmi2 erms invpcid rtm mpx avx512f rdseed adx smap clflushopt clwb avx512cd xsaveopt xsavec xgetbv1 ida arat
bugs		:
bogomips	: 5999.99
clflush size	: 64
cache_alignment	: 64
address sizes	: 46 bits physical, 48 bits virtual
power management:



Memory: 4k page, physical 72037460k(3424756k free), swap 0k(0k free)

vm_info: Java HotSpot(TM) 64-Bit Server VM (25.131-b11) for linux-amd64 JRE (1.8.0_131-b11), built on Mar 15 2017 01:23:40 by "java_re" with gcc 4.3.0 20080428 (Red Hat 4.3.0-8)

time: Mon Dec 11 17:37:11 2017
elapsed time: 0 seconds (0d 0h 0m 0s)

